<?xml version="1.0" encoding="UTF-8"?>
<!-- Generated by org.testng.reporters.JUnitXMLReporter -->
<testsuite ignored="0" hostname="TUSHAR" failures="0" tests="4" name="Test-1" time="226.393" errors="0" timestamp="2024-05-04T09:37:03 IST">
  <testcase classname="com.comcast.crm.orgtest.CreateOrganizationTest" name="CreateOrgTest" time="39.726"/>
  <testcase classname="com.comcast.crm.orgtest.CreateOrganizationTest" name="CreateOrganisationWithIndustriesTest" time="53.757"/>
  <testcase classname="com.comcast.crm.orgtest.CreateOrganizationTest" name="DeleteOrgTest" time="39.516"/>
  <testcase classname="com.comcast.crm.orgtest.CreateOrganizationTest" name="createOrgWithPhoneNo" time="29.3"/>
</testsuite> <!-- Test-1 -->
