<?xml version="1.0" encoding="UTF-8"?>
<!-- Generated by org.testng.reporters.JUnitXMLReporter -->
<testsuite ignored="0" hostname="TUSHAR" failures="0" tests="3" name="Test-2" time="214.227" errors="0" timestamp="2024-05-04T09:36:51 IST">
  <testcase classname="com.comcast.crm.contacttest.CreateContactTEst" name="createContactTest" time="32.043"/>
  <testcase classname="com.comcast.crm.contacttest.CreateContactTEst" name="createContactWithOrg" time="80.098"/>
  <testcase classname="com.comcast.crm.contacttest.CreateContactTEst" name="createContactWithsupportDateTest" time="38.429"/>
</testsuite> <!-- Test-2 -->
