<?xml version="1.0" encoding="UTF-8"?>
<!-- Generated by org.testng.reporters.JUnitReportReporter -->
<testsuite hostname="TUSHAR" failures="0" tests="1" name="practice.test.SearchContactTest" time="18.703" errors="0" timestamp="2024-05-15T13:03:15 IST" skipped="0">
  <testcase classname="practice.test.SearchContactTest" name="searchcontactTest" time="18.703"/>
  <system-out/>
</testsuite> <!-- practice.test.SearchContactTest -->
