<?xml version="1.0" encoding="UTF-8"?>
<!-- Generated by org.testng.reporters.JUnitReportReporter -->
<testsuite hostname="TUSHAR" failures="0" tests="3" name="com.comcast.crm.contacttest.CreateContactTEst" time="113.877" errors="0" timestamp="2024-05-10T11:20:52 IST" skipped="0">
  <testcase classname="com.comcast.crm.contacttest.CreateContactTEst" name="createContactWithOrg" time="53.779"/>
  <system-out/>
  <testcase classname="com.comcast.crm.contacttest.CreateContactTEst" name="createContactTest" time="29.288"/>
  <system-out/>
  <testcase classname="com.comcast.crm.contacttest.CreateContactTEst" name="createContactWithsupportDateTest" time="30.810"/>
  <system-out/>
</testsuite> <!-- com.comcast.crm.contacttest.CreateContactTEst -->
