<?xml version="1.0" encoding="UTF-8"?>
<!-- Generated by org.testng.reporters.JUnitReportReporter -->
<testsuite hostname="TUSHAR" failures="0" tests="1" name="com.comcast.crm.orgtest.CreateOrganisationWithIndustriesTest" time="59.869" errors="0" timestamp="2024-05-02T15:57:52 IST" skipped="0">
  <testcase classname="com.comcast.crm.orgtest.CreateOrganisationWithIndustriesTest" name="CreateOrganisationWithIndustriesTest" time="59.869"/>
  <system-out/>
</testsuite> <!-- com.comcast.crm.orgtest.CreateOrganisationWithIndustriesTest -->
