<?xml version="1.0" encoding="UTF-8"?>
<!-- Generated by org.testng.reporters.JUnitReportReporter -->
<testsuite hostname="TUSHAR" failures="0" tests="1" name="com.comcast.crm.orgtest.DeleteOrgTest" time="49.167" errors="0" timestamp="2024-05-02T15:48:13 IST" skipped="0">
  <testcase classname="com.comcast.crm.orgtest.DeleteOrgTest" name="DeleteOrgTest" time="49.167"/>
  <system-out/>
</testsuite> <!-- com.comcast.crm.orgtest.DeleteOrgTest -->
