<?xml version="1.0" encoding="UTF-8"?>
<!-- Generated by org.testng.reporters.JUnitReportReporter -->
<testsuite hostname="TUSHAR" failures="0" tests="3" name="practice.test.GetProductnfoTest" time="60.037" errors="0" timestamp="2024-05-01T13:06:43 IST" skipped="0">
  <testcase classname="practice.test.GetProductnfoTest" name="getProductInfoTest" time="19.813"/>
  <system-out/>
  <testcase classname="practice.test.GetProductnfoTest" name="getProductInfoTest" time="16.289"/>
  <system-out/>
  <testcase classname="practice.test.GetProductnfoTest" name="getProductInfoTest" time="23.935"/>
  <system-out/>
</testsuite> <!-- practice.test.GetProductnfoTest -->
